Mobiconsole/app/build/outputs/mapping/release/mapping.txt
# compiler: R8
# compiler_version: 1.5.68
# min_api: 21
# pg_map_id: fe1772b
com.termux.app.-$$Lambda$DialogUtils$4hCXnAE9gprdA5qo7irQ_PXd5BA -> com.termux.app.a:
    com.termux.app.DialogUtils$TextSetListener f$0 -> a
    android.widget.EditText f$1 -> b
com.termux.app.-$$Lambda$DialogUtils$_yR3YOwV3L4RZM5NYWBhWuHmOpI -> com.termux.app.b:
    com.termux.app.DialogUtils$TextSetListener f$0 -> a
    android.widget.EditText f$1 -> b
com.termux.app.-$$Lambda$DialogUtils$nexqK2plJKWUzK6LMX9jV4i8OmE -> com.termux.app.c:
    com.termux.app.DialogUtils$TextSetListener f$0 -> a
    android.widget.EditText f$1 -> b
com.termux.app.-$$Lambda$DialogUtils$pzjAAZDUGGon0D3DhIlr7gdSCtI -> com.termux.app.d:
    android.app.AlertDialog[] f$2 -> c
    com.termux.app.DialogUtils$TextSetListener f$0 -> a
    android.widget.EditText f$1 -> b
com.termux.app.-$$Lambda$ExtraKeysView$KEqD4ecu4DCYUTQ23xJcMGbPceM -> com.termux.app.e:
    android.view.View f$1 -> b
    java.lang.String f$2 -> c
    com.termux.app.ExtraKeysView f$0 -> a
com.termux.app.-$$Lambda$ExtraKeysView$o693M6UC_nk6z3ygr5vU6kyxMiM -> com.termux.app.f:
    java.lang.String f$2 -> c
    com.termux.app.ExtraKeysView f$0 -> a
    android.widget.Button f$1 -> b
com.termux.app.-$$Lambda$ExtraKeysView$yY3MJdsfcINvogqwNbDT8xxVTDM -> com.termux.app.g:
    java.lang.String f$1 -> b
    com.termux.app.ExtraKeysView f$0 -> a
com.termux.app.-$$Lambda$TermuxActivity$1qTWQ7tcyUUB6pqt6jqyINI8qJY -> com.termux.app.h:
    com.termux.app.TermuxActivity f$0 -> a
com.termux.app.-$$Lambda$TermuxActivity$2$jILoJnewN6T-fhorkPcpxfC-F5U -> com.termux.app.i:
    com.termux.app.TermuxActivity$2 f$0 -> a
    android.widget.EditText f$1 -> b
com.termux.app.-$$Lambda$TermuxActivity$6TVbCUecNWiIfyLTSIO3AcovnYs -> com.termux.app.j:
    com.termux.app.TermuxActivity f$0 -> a
    java.lang.CharSequence[] f$2 -> c
    android.app.AlertDialog f$1 -> b
com.termux.app.-$$Lambda$TermuxActivity$8fm4tQWlJ2-Q_qFqOTolsJP8vYk -> com.termux.app.k:
    com.termux.app.TermuxActivity f$0 -> a
    void onTextSet(java.lang.String) -> a
com.termux.app.-$$Lambda$TermuxActivity$E2EsRJ23o8CNLuImLPVJbvAAguM -> com.termux.app.l:
    com.termux.app.TermuxActivity f$0 -> a
    java.lang.CharSequence[] f$1 -> b
com.termux.app.-$$Lambda$TermuxActivity$IC07nLwYk27aqr1Z-sd7MGNt7Hk -> com.termux.app.m:
    com.termux.app.TermuxActivity f$0 -> a
com.termux.app.-$$Lambda$TermuxActivity$OcDgzEaBFmd27rHa45ESrjiZpA4 -> com.termux.app.n:
    com.termux.app.TermuxActivity f$0 -> a
    void onTextSet(java.lang.String) -> a
com.termux.app.-$$Lambda$TermuxActivity$QPC2DQbhnfMN6_d1gGGYUNX8GnA -> com.termux.app.o:
    com.termux.app.TermuxActivity f$0 -> a
    com.termux.terminal.TerminalSession f$1 -> b
    void onTextSet(java.lang.String) -> a
com.termux.app.-$$Lambda$TermuxActivity$TOL8gu-9K_wEylYjoZrWnyiILuw -> com.termux.app.p:
    com.termux.app.TermuxActivity f$0 -> a
com.termux.app.-$$Lambda$TermuxActivity$V7IlBQ-akd59xXMepUqxENOVFzc -> com.termux.app.q:
    com.termux.app.TermuxActivity f$0 -> a
com.termux.app.-$$Lambda$TermuxActivity$VdvxD-ZBMezRuPwSJ6OL19016MA -> com.termux.app.r:
    com.termux.app.TermuxActivity f$0 -> a
    java.lang.CharSequence[] f$2 -> c
    android.app.AlertDialog f$1 -> b
com.termux.app.-$$Lambda$TermuxActivity$VtNguHdZ_fvvcUP1Y-6u73TV21Q -> com.termux.app.s:
    com.termux.app.TermuxActivity f$0 -> a
com.termux.app.-$$Lambda$TermuxActivity$YFyantBqXwnFpKE6G4UZ9n3Ypyo -> com.termux.app.t:
    com.termux.app.TermuxActivity f$0 -> a
com.termux.app.-$$Lambda$TermuxActivity$i-LtQHl0j6WMIYv6PL7Vwq-zDgs -> com.termux.app.u:
    com.termux.app.TermuxActivity f$0 -> a
com.termux.app.-$$Lambda$TermuxActivity$qT8EBw8lbUqTN936AkQapkIqHOk -> com.termux.app.v:
    com.termux.app.TermuxActivity f$0 -> a
com.termux.app.-$$Lambda$TermuxActivity$s_zCvFLvgd3Dwxk-IJR-BwIbdZo -> com.termux.app.w:
    com.termux.app.TermuxActivity f$0 -> a
com.termux.app.-$$Lambda$TermuxInstaller$1$DBNQEZjcgqnoTuxaE8n9yRZOXdg -> com.termux.app.x:
    java.lang.Runnable f$1 -> b
    android.app.Activity f$0 -> a
...
androidx.drawerlayout.widget.DrawerLayout$SavedState$1 -> androidx.drawerlayout.widget.DrawerLayout$g$a:
    1:1:void <init>():2199:2199 -> <init>
    1:1:java.lang.Object createFromParcel(android.os.Parcel):2199:2199 -> createFromParcel
    2:2:java.lang.Object createFromParcel(android.os.Parcel,java.lang.ClassLoader):2199:2199 -> createFromParcel
    3:3:androidx.drawerlayout.widget.DrawerLayout$SavedState createFromParcel(android.os.Parcel,java.lang.ClassLoader):2202:2202 -> createFromParcel
    4:4:androidx.drawerlayout.widget.DrawerLayout$SavedState createFromParcel(android.os.Parcel):2207:2207 -> createFromParcel
    1:1:java.lang.Object[] newArray(int):2199:2199 -> newArray
    2:2:androidx.drawerlayout.widget.DrawerLayout$SavedState[] newArray(int):2212:2212 -> newArray
androidx.drawerlayout.widget.DrawerLayout$ViewDragCallback -> androidx.drawerlayout.widget.DrawerLayout$h:
    androidx.customview.widget.ViewDragHelper mDragger -> b
    java.lang.Runnable mPeekRunnable -> c
    androidx.drawerlayout.widget.DrawerLayout this$0 -> d
    int mAbsGravity -> a
    1:1:void <init>(androidx.drawerlayout.widget.DrawerLayout,int):2227:2227 -> <init>
    2:2:void <init>(androidx.drawerlayout.widget.DrawerLayout,int):2221:2221 -> <init>
    3:3:void <init>(androidx.drawerlayout.widget.DrawerLayout,int):2228:2228 -> <init>
    1:1:void setDragger(androidx.customview.widget.ViewDragHelper):2232:2232 -> a
    2:2:void onViewPositionChanged(android.view.View,int,int,int,int):2255:2255 -> a
    3:3:void onViewPositionChanged(android.view.View,int,int,int,int):2258:2258 -> a
    4:4:void onViewPositionChanged(android.view.View,int,int,int,int):2261:2261 -> a
    5:7:void onViewPositionChanged(android.view.View,int,int,int,int):2264:2266 -> a
    8:9:void onViewCaptured(android.view.View,int):2271:2272 -> a
    10:10:void onViewCaptured(android.view.View,int):2274:2274 -> a
    11:12:void onViewReleased(android.view.View,float,float):2289:2290 -> a
    13:13:void onViewReleased(android.view.View,float,float):2293:2293 -> a
    14:14:void onViewReleased(android.view.View,float,float):2296:2296 -> a
    15:16:void onViewReleased(android.view.View,float,float):2300:2301 -> a
    17:18:void peekDrawer():2312:2313 -> a
    19:20:void peekDrawer():2315:2316 -> a
androidx.drawerlayout.widget.DrawerLayout$ViewDragCallback$1 -> androidx.drawerlayout.widget.DrawerLayout$h$a:
    androidx.drawerlayout.widget.DrawerLayout$ViewDragCallback this$1 -> a
    1:1:void <init>(androidx.drawerlayout.widget.DrawerLayout$ViewDragCallback):2221:2221 -> <init>
    1:1:void run():2223:2223 -> run
androidx.lifecycle.GenericLifecycleObserver -> androidx.lifecycle.a:
androidx.lifecycle.LifecycleObserver -> androidx.lifecycle.b:
androidx.versionedparcelable.CustomVersionedParcelable -> androidx.versionedparcelable.CustomVersionedParcelable:
    1:1:void <init>():27:27 -> <init>
androidx.versionedparcelable.ParcelImpl -> androidx.versionedparcelable.ParcelImpl:
    androidx.versionedparcelable.VersionedParcelable mParcel -> a
    1:1:void <clinit>():60:60 -> <clinit>
    1:2:void <init>(android.os.Parcel):38:39 -> <init>
    1:2:void writeToParcel(android.os.Parcel,int):56:57 -> writeToParcel
androidx.versionedparcelable.ParcelImpl$1 -> androidx.versionedparcelable.ParcelImpl$a:
    1:1:void <init>():60:60 -> <init>
    1:1:java.lang.Object createFromParcel(android.os.Parcel):60:60 -> createFromParcel
    2:2:androidx.versionedparcelable.ParcelImpl createFromParcel(android.os.Parcel):63:63 -> createFromParcel
    1:1:java.lang.Object[] newArray(int):60:60 -> newArray
    2:2:androidx.versionedparcelable.ParcelImpl[] newArray(int):68:68 -> newArray